<?xml version="1.0" encoding="UTF-8" ?>
<testsuite errors="0" failures="0" hostname="Nicolass-iMac.local" name="racetrack.RaceTests" tests="1" time="0.171" timestamp="2012-02-22T23:38:21">
  <properties />
  <testcase classname="racetrack.RaceTests" name="testInMiles" time="0.071" />
  <system-out><![CDATA[]]></system-out>
  <system-err><![CDATA[--Output from testInMiles--
]]></system-err>
</testsuite>
